<?xml version="1.0" encoding="UTF-8"?>
<testsuite name="qa.test.SearchTests" tests="3" skipped="0" failures="0" errors="0" timestamp="2024-05-10T13:30:20" hostname="MacBook-Pro-Ruslan.local" time="12.367">
  <properties/>
  <testcase name="Открытие нужного репозитория в списке найденных" classname="qa.test.SearchTests" time="5.59"/>
  <testcase name="Проверка успешного поиска репозитория" classname="qa.test.SearchTests" time="3.454"/>
  <testcase name="Проверка отображения определенного конрибьютора при наведении мышкой" classname="qa.test.SearchTests" time="3.32"/>
  <system-out><![CDATA[]]></system-out>
  <system-err><![CDATA[]]></system-err>
</testsuite>
