<?xml version="1.0" encoding="UTF-8"?>
<testsuite name="qa.test.MainScreenTests" tests="2" skipped="0" failures="0" errors="0" timestamp="2024-05-10T13:30:13" hostname="MacBook-Pro-Ruslan.local" time="7.002">
  <properties/>
  <testcase name="Проверка на корреткное открытие окон авторизации и регистрации" classname="qa.test.MainScreenTests" time="4.326"/>
  <testcase name="Проверка выпадающего меню у горизонтального меню при наведении мышкой" classname="qa.test.MainScreenTests" time="2.675"/>
  <system-out><![CDATA[]]></system-out>
  <system-err><![CDATA[]]></system-err>
</testsuite>
